<?xml version="1.0" encoding="UTF-8"?>
<!-- Generated by org.testng.reporters.JUnitReportReporter -->
<testsuite hostname="Nepal1" failures="0" tests="1" name="suiteA.TestA2" time="2.016" errors="0" timestamp="2024-02-26T21:32:29 EST" skipped="0">
  <testcase classname="suiteA.TestA2" name="testA2" time="2.016"/>
  <system-out/>
</testsuite> <!-- suiteA.TestA2 -->
