<?xml version="1.0" encoding="UTF-8"?>
<!-- Generated by org.testng.reporters.JUnitReportReporter -->
<testsuite hostname="Nepal1" failures="0" tests="1" name="suiteB.TestB1" time="2.022" errors="0" timestamp="2024-02-26T21:31:34 EST" skipped="0">
  <testcase classname="suiteB.TestB1" name="testB1" time="2.022"/>
  <system-out/>
</testsuite> <!-- suiteB.TestB1 -->
