<?xml version="1.0" encoding="UTF-8"?>
<!-- Generated by org.testng.reporters.JUnitReportReporter -->
<testsuite hostname="Nepal1" failures="0" tests="3" name="dataProviders.TestDataprovider" time="0.007" errors="0" timestamp="2024-02-26T21:29:04 EST" skipped="0">
  <testcase classname="dataProviders.TestDataprovider" name="f" time="0.003"/>
  <system-out/>
  <testcase classname="dataProviders.TestDataprovider" name="f" time="0.000"/>
  <system-out/>
  <testcase classname="dataProviders.TestDataprovider" name="f" time="0.004"/>
  <system-out/>
</testsuite> <!-- dataProviders.TestDataprovider -->
